<?xml version="1.0" encoding="UTF-8"?>
<!-- Generated by org.testng.reporters.JUnitXMLReporter -->
<testsuite hostname="WKWIN2688392" name="book-flight-3" tests="5" failures="0" timestamp="22 Mar 2020 16:00:03 GMT" time="20.904" errors="0">
  <testcase name="registrationPage" time="8.152" classname="com.newtours.tests.BookFlightTest"/>
  <testcase name="registrationConfirmationPage" time="1.631" classname="com.newtours.tests.BookFlightTest"/>
  <testcase name="flightDetailsPage" time="1.841" classname="com.newtours.tests.BookFlightTest"/>
  <testcase name="findFlightPage" time="5.05" classname="com.newtours.tests.BookFlightTest"/>
  <testcase name="flightConfirmationPage" time="2.311" classname="com.newtours.tests.BookFlightTest"/>
</testsuite> <!-- book-flight-3 -->
