<?xml version="1.0" encoding="UTF-8"?>
<!-- Generated by org.testng.reporters.JUnitXMLReporter -->
<testsuite hostname="WKWIN2688392" name="book-flight-4" tests="5" failures="0" timestamp="22 Mar 2020 16:00:23 GMT" time="19.874" errors="0">
  <testcase name="registrationPage" time="8.402" classname="com.newtours.tests.BookFlightTest"/>
  <testcase name="registrationConfirmationPage" time="1.689" classname="com.newtours.tests.BookFlightTest"/>
  <testcase name="flightDetailsPage" time="1.449" classname="com.newtours.tests.BookFlightTest"/>
  <testcase name="findFlightPage" time="4.513" classname="com.newtours.tests.BookFlightTest"/>
  <testcase name="flightConfirmationPage" time="1.936" classname="com.newtours.tests.BookFlightTest"/>
</testsuite> <!-- book-flight-4 -->
