<?xml version="1.0" encoding="UTF-8"?>
<!-- Generated by org.testng.reporters.JUnitXMLReporter -->
<testsuite hostname="WKWIN2688392" name="book-flight-2" tests="5" failures="0" timestamp="22 Mar 2020 15:59:42 GMT" time="18.491" errors="0">
  <testcase name="registrationPage" time="6.719" classname="com.newtours.tests.BookFlightTest"/>
  <testcase name="registrationConfirmationPage" time="1.995" classname="com.newtours.tests.BookFlightTest"/>
  <testcase name="flightDetailsPage" time="1.928" classname="com.newtours.tests.BookFlightTest"/>
  <testcase name="findFlightPage" time="4.596" classname="com.newtours.tests.BookFlightTest"/>
  <testcase name="flightConfirmationPage" time="2.101" classname="com.newtours.tests.BookFlightTest"/>
</testsuite> <!-- book-flight-2 -->
